<?xml version="1.0" encoding="UTF-8"?>
<testsuite name="addItem" tests="1" skipped="0" failures="0" errors="0" timestamp="2023-11-18T16:03:02" hostname="MBP-Nikita" time="0.23">
  <properties/>
  <testcase name="testAddingItemBeginsAndCommitsTransaction" classname="addItem" time="0.23"/>
  <system-out><![CDATA[[]
]]></system-out>
  <system-err><![CDATA[]]></system-err>
</testsuite>
