<?xml version="1.0" encoding="UTF-8"?>
<testsuite name="addItem" tests="4" skipped="0" failures="0" errors="0" timestamp="2023-11-09T11:04:57" hostname="DESKTOP-2Q5UIJU" time="0.494">
  <properties/>
  <testcase name="testAddingExistingItem" classname="addItem" time="0.486"/>
  <testcase name="testAddingItemBeginsAndCommitsTransaction" classname="addItem" time="0.004"/>
  <testcase name="testAddingItemWithNegativeQuantity" classname="addItem" time="0.001"/>
  <testcase name="testAddingNewItem" classname="addItem" time="0.002"/>
  <system-out><![CDATA[StockItem{id=7, name='New Product'}
]]></system-out>
  <system-err><![CDATA[]]></system-err>
</testsuite>
