<?xml version="1.0" encoding="UTF-8"?>
<testsuite name="SubmitCurrentPurchase" tests="1" skipped="0" failures="0" errors="0" timestamp="2023-11-30T16:35:24" hostname="MBP-Nikita" time="0.441">
  <properties/>
  <testcase name="testSubmittingCurrentPurchaseBeginsAndCommitsTransaction" classname="SubmitCurrentPurchase" time="0.441"/>
  <system-out><![CDATA[]]></system-out>
  <system-err><![CDATA[]]></system-err>
</testsuite>
