<?xml version="1.0" encoding="UTF-8"?>
<testsuite name="AddItem" tests="6" skipped="0" failures="0" errors="0" timestamp="2023-12-03T12:20:43" hostname="MBP-Nikita" time="0.375">
  <properties/>
  <testcase name="testAddingExistingItem" classname="AddItem" time="0.367"/>
  <testcase name="testAddingItemWithQuantitySumTooLarge" classname="AddItem" time="0.004"/>
  <testcase name="testAddingItemWithQuantityTooLarge" classname="AddItem" time="0.0"/>
  <testcase name="testAddingItemBeginsAndCommitsTransaction" classname="AddItem" time="0.003"/>
  <testcase name="testAddingItemWithNegativeQuantity" classname="AddItem" time="0.0"/>
  <testcase name="testAddingNewItem" classname="AddItem" time="0.0"/>
  <system-out><![CDATA[14:20:44.153 [Test worker] DEBUG ee.ut.math.tvt.salessystem.logic.ShoppingCart - Added Test Product quantity of 3
[]
14:20:44.159 [Test worker] DEBUG ee.ut.math.tvt.salessystem.logic.ShoppingCart - Added Test Product quantity of 4
]]></system-out>
  <system-err><![CDATA[]]></system-err>
</testsuite>
