<?xml version="1.0" encoding="UTF-8"?>
<testsuite name="SubmitCurrentPurchase" tests="6" skipped="0" failures="0" errors="0" timestamp="2023-11-28T10:56:40" hostname="DESKTOP-2Q5UIJU" time="0.933">
  <properties/>
  <testcase name="testCancellingOrderQuanititiesUnchanged" classname="SubmitCurrentPurchase" time="0.909"/>
  <testcase name="testSubmittingCurrentOrderSavesCorrectTime" classname="SubmitCurrentPurchase" time="0.008"/>
  <testcase name="testSubmittingCurrentOrderCreatesHistoryItem" classname="SubmitCurrentPurchase" time="0.008"/>
  <testcase name="testCancellingOrder" classname="SubmitCurrentPurchase" time="0.001"/>
  <testcase name="testSubmittingCurrentPurchaseDecreasesStockItemQuantity" classname="SubmitCurrentPurchase" time="0.001"/>
  <testcase name="testSubmittingCurrentPurchaseBeginsAndCommitsTransaction" classname="SubmitCurrentPurchase" time="0.004"/>
  <system-out><![CDATA[12:56:41.387 [Test worker] DEBUG ee.ut.math.tvt.salessystem.logic.ShoppingCart - Added Test Item quantity of 2
12:56:41.390 [Test worker] DEBUG ee.ut.math.tvt.salessystem.logic.ShoppingCart - Purchase cancelled
12:56:41.392 [Test worker] DEBUG ee.ut.math.tvt.salessystem.logic.ShoppingCart - Added Test Item quantity of 2
12:56:41.401 [Test worker] DEBUG ee.ut.math.tvt.salessystem.logic.ShoppingCart - Added Test Item quantity of 2
12:56:41.409 [Test worker] DEBUG ee.ut.math.tvt.salessystem.logic.ShoppingCart - Added Test Item quantity of 2
12:56:41.409 [Test worker] DEBUG ee.ut.math.tvt.salessystem.logic.ShoppingCart - Purchase cancelled
12:56:41.410 [Test worker] DEBUG ee.ut.math.tvt.salessystem.logic.ShoppingCart - Added Test Item quantity of 3
12:56:41.411 [Test worker] DEBUG ee.ut.math.tvt.salessystem.logic.ShoppingCart - Added Test Item quantity of 2
]]></system-out>
  <system-err><![CDATA[]]></system-err>
</testsuite>
