<?xml version="1.0" encoding="UTF-8"?>
<testsuite name="SubmitCurrentPurchase" tests="6" skipped="0" failures="0" errors="0" timestamp="2023-12-07T12:22:34" hostname="MBP-Nikita" time="0.407">
  <properties/>
  <testcase name="testCancellingOrderQuanititiesUnchanged" classname="SubmitCurrentPurchase" time="0.389"/>
  <testcase name="testSubmittingCurrentOrderSavesCorrectTime" classname="SubmitCurrentPurchase" time="0.006"/>
  <testcase name="testSubmittingCurrentOrderCreatesHistoryItem" classname="SubmitCurrentPurchase" time="0.004"/>
  <testcase name="testCancellingOrder" classname="SubmitCurrentPurchase" time="0.002"/>
  <testcase name="testSubmittingCurrentPurchaseDecreasesStockItemQuantity" classname="SubmitCurrentPurchase" time="0.002"/>
  <testcase name="testSubmittingCurrentPurchaseBeginsAndCommitsTransaction" classname="SubmitCurrentPurchase" time="0.003"/>
  <system-out><![CDATA[14:22:34.828 [Test worker] DEBUG ee.ut.math.tvt.salessystem.logic.ShoppingCart - Added Test Item quantity of 2
14:22:34.831 [Test worker] DEBUG ee.ut.math.tvt.salessystem.logic.ShoppingCart - Purchase cancelled
14:22:34.832 [Test worker] DEBUG ee.ut.math.tvt.salessystem.logic.ShoppingCart - Added Test Item quantity of 2
14:22:34.838 [Test worker] DEBUG ee.ut.math.tvt.salessystem.logic.ShoppingCart - Added Test Item quantity of 2
14:22:34.843 [Test worker] DEBUG ee.ut.math.tvt.salessystem.logic.ShoppingCart - Added Test Item quantity of 2
14:22:34.843 [Test worker] DEBUG ee.ut.math.tvt.salessystem.logic.ShoppingCart - Purchase cancelled
14:22:34.843 [Test worker] DEBUG ee.ut.math.tvt.salessystem.logic.ShoppingCart - Added Test Item quantity of 3
14:22:34.845 [Test worker] DEBUG ee.ut.math.tvt.salessystem.logic.ShoppingCart - Added Test Item quantity of 2
]]></system-out>
  <system-err><![CDATA[]]></system-err>
</testsuite>
