<?xml version="1.0" encoding="UTF-8"?>
<testsuite name="addItem" tests="4" skipped="0" failures="0" errors="0" timestamp="2023-11-26T16:18:20" hostname="MBP-Nikita" time="0.202">
  <properties/>
  <testcase name="testAddingExistingItem" classname="addItem" time="0.196"/>
  <testcase name="testAddingItemBeginsAndCommitsTransaction" classname="addItem" time="0.003"/>
  <testcase name="testAddingItemWithNegativeQuantity" classname="addItem" time="0.0"/>
  <testcase name="testAddingNewItem" classname="addItem" time="0.002"/>
  <system-out><![CDATA[[]
[]
StockItem{id=null, name='New Product}
]]></system-out>
  <system-err><![CDATA[]]></system-err>
</testsuite>
