<?xml version="1.0" encoding="UTF-8"?>
<testsuite name="addItem" tests="1" skipped="0" failures="0" errors="0" timestamp="2023-10-27T22:56:29" hostname="MBP-Nikita" time="0.166">
  <properties/>
  <testcase name="testAddNewProductToWarehouse" classname="addItem" time="0.166"/>
  <system-out><![CDATA[StockItem{id=7, name='New Product'}
]]></system-out>
  <system-err><![CDATA[]]></system-err>
</testsuite>
