<?xml version="1.0" encoding="UTF-8"?>
<testsuite name="AddItem" tests="6" skipped="0" failures="0" errors="0" timestamp="2023-11-30T16:29:04" hostname="MBP-Nikita" time="0.334">
  <properties/>
  <testcase name="testAddingExistingItem" classname="AddItem" time="0.327"/>
  <testcase name="testAddingItemWithQuantitySumTooLarge" classname="AddItem" time="0.004"/>
  <testcase name="testAddingItemWithQuantityTooLarge" classname="AddItem" time="0.0"/>
  <testcase name="testAddingItemBeginsAndCommitsTransaction" classname="AddItem" time="0.002"/>
  <testcase name="testAddingItemWithNegativeQuantity" classname="AddItem" time="0.001"/>
  <testcase name="testAddingNewItem" classname="AddItem" time="0.0"/>
  <system-out><![CDATA[18:29:04.913 [Test worker] DEBUG ee.ut.math.tvt.salessystem.logic.ShoppingCart - Added Test Product quantity of 3
[]
18:29:04.919 [Test worker] DEBUG ee.ut.math.tvt.salessystem.logic.ShoppingCart - Added Test Product quantity of 4
]]></system-out>
  <system-err><![CDATA[]]></system-err>
</testsuite>
